<?xml version="1.0" encoding="UTF-8"?>
<coverage generated="1432284332">
  <project timestamp="1432284332">
    <package name="Schlaus\Tagline">
      <file name="C:\Users\Klasu\Documents\Projektit\Tagline\src/Tagline.php">
        <class name="Tagline" namespace="Schlaus\Tagline">
          <metrics methods="3" coveredmethods="3" conditionals="0" coveredconditionals="0" statements="54" coveredstatements="54" elements="57" coveredelements="57"/>
        </class>
        <line num="78" type="method" name="findTag" crap="5" count="6"/>
        <line num="80" type="stmt" count="6"/>
        <line num="81" type="stmt" count="1"/>
        <line num="84" type="stmt" count="5"/>
        <line num="86" type="stmt" count="5"/>
        <line num="87" type="stmt" count="5"/>
        <line num="88" type="stmt" count="5"/>
        <line num="90" type="stmt" count="5"/>
        <line num="91" type="stmt" count="2"/>
        <line num="94" type="stmt" count="3"/>
        <line num="95" type="stmt" count="3"/>
        <line num="97" type="stmt" count="3"/>
        <line num="106" type="method" name="findNext" crap="3" count="4"/>
        <line num="108" type="stmt" count="4"/>
        <line num="109" type="stmt" count="4"/>
        <line num="110" type="stmt" count="4"/>
        <line num="112" type="stmt" count="4"/>
        <line num="113" type="stmt" count="4"/>
        <line num="114" type="stmt" count="4"/>
        <line num="116" type="stmt" count="4"/>
        <line num="117" type="stmt" count="4"/>
        <line num="130" type="method" name="anyToArray" crap="27" count="8"/>
        <line num="132" type="stmt" count="8"/>
        <line num="133" type="stmt" count="1"/>
        <line num="136" type="stmt" count="7"/>
        <line num="137" type="stmt" count="3"/>
        <line num="138" type="stmt" count="1"/>
        <line num="142" type="stmt" count="2"/>
        <line num="143" type="stmt" count="1"/>
        <line num="145" type="stmt" count="1"/>
        <line num="147" type="stmt" count="5"/>
        <line num="149" type="stmt" count="2"/>
        <line num="152" type="stmt" count="3"/>
        <line num="153" type="stmt" count="2"/>
        <line num="154" type="stmt" count="2"/>
        <line num="155" type="stmt" count="2"/>
        <line num="156" type="stmt" count="1"/>
        <line num="157" type="stmt" count="1"/>
        <line num="158" type="stmt" count="1"/>
        <line num="159" type="stmt" count="1"/>
        <line num="160" type="stmt" count="1"/>
        <line num="161" type="stmt" count="1"/>
        <line num="163" type="stmt" count="1"/>
        <line num="165" type="stmt" count="2"/>
        <line num="167" type="stmt" count="2"/>
        <line num="168" type="stmt" count="2"/>
        <line num="169" type="stmt" count="2"/>
        <line num="170" type="stmt" count="1"/>
        <line num="171" type="stmt" count="1"/>
        <line num="172" type="stmt" count="2"/>
        <line num="173" type="stmt" count="1"/>
        <line num="174" type="stmt" count="1"/>
        <line num="175" type="stmt" count="1"/>
        <line num="176" type="stmt" count="1"/>
        <line num="177" type="stmt" count="1"/>
        <line num="178" type="stmt" count="1"/>
        <line num="181" type="stmt" count="1"/>
        <metrics loc="183" ncloc="103" classes="1" methods="3" coveredmethods="3" conditionals="0" coveredconditionals="0" statements="54" coveredstatements="54" elements="57" coveredelements="57"/>
      </file>
    </package>
    <metrics files="1" loc="183" ncloc="103" classes="1" methods="3" coveredmethods="3" conditionals="0" coveredconditionals="0" statements="54" coveredstatements="54" elements="57" coveredelements="57"/>
  </project>
</coverage>
